INFO:root:[2018.02.28 22:52:20]:  Старт переноса данных
INFO:root: 
INFO:root:[2018.02.28 22:52:20]:  Начата обработка таблицы Employees
INFO:root:[2018.02.28 22:52:20]:  Старт транзакции загрузки фрагмента размера 9
INFO:root:[2018.02.28 22:52:20]:  Финиш транзакции загрузки фрагмента
INFO:root:[2018.02.28 22:52:20]:  Записей добавлено: 9
INFO:root: 
INFO:root:[2018.02.28 22:52:20]:  Начата обработка таблицы Categories
INFO:root:[2018.02.28 22:52:20]:  Старт транзакции загрузки фрагмента размера 8
INFO:root:[2018.02.28 22:52:20]:  Финиш транзакции загрузки фрагмента
INFO:root:[2018.02.28 22:52:20]:  Записей добавлено: 8
INFO:root: 
INFO:root:[2018.02.28 22:52:20]:  Начата обработка таблицы Customers
INFO:root:[2018.02.28 22:52:20]:  Старт транзакции загрузки фрагмента размера 50
INFO:root:[2018.02.28 22:52:20]:  Финиш транзакции загрузки фрагмента
INFO:root:[2018.02.28 22:52:20]:  Старт транзакции загрузки фрагмента размера 41
INFO:root:[2018.02.28 22:52:20]:  Финиш транзакции загрузки фрагмента
INFO:root:[2018.02.28 22:52:20]:  Записей добавлено: 91
INFO:root: 
INFO:root:[2018.02.28 22:52:20]:  Начата обработка таблицы Shippers
INFO:root:[2018.02.28 22:52:20]:  Старт транзакции загрузки фрагмента размера 3
INFO:root:[2018.02.28 22:52:20]:  Финиш транзакции загрузки фрагмента
INFO:root:[2018.02.28 22:52:20]:  Записей добавлено: 3
INFO:root: 
INFO:root:[2018.02.28 22:52:20]:  Начата обработка таблицы Suppliers
INFO:root:[2018.02.28 22:52:20]:  Старт транзакции загрузки фрагмента размера 29
INFO:root:[2018.02.28 22:52:20]:  Финиш транзакции загрузки фрагмента
INFO:root:[2018.02.28 22:52:20]:  Записей добавлено: 29
INFO:root: 
INFO:root:[2018.02.28 22:52:20]:  Начата обработка таблицы Orders
INFO:root:[2018.02.28 22:52:20]:  Старт транзакции загрузки фрагмента размера 50
INFO:root:[2018.02.28 22:52:20]:  Финиш транзакции загрузки фрагмента
INFO:root:[2018.02.28 22:52:20]:  Старт транзакции загрузки фрагмента размера 50
INFO:root:[2018.02.28 22:52:20]:  Финиш транзакции загрузки фрагмента
INFO:root:[2018.02.28 22:52:20]:  Старт транзакции загрузки фрагмента размера 50
INFO:root:[2018.02.28 22:52:20]:  Финиш транзакции загрузки фрагмента
INFO:root:[2018.02.28 22:52:20]:  Старт транзакции загрузки фрагмента размера 50
INFO:root:[2018.02.28 22:52:20]:  Финиш транзакции загрузки фрагмента
INFO:root:[2018.02.28 22:52:20]:  Старт транзакции загрузки фрагмента размера 50
INFO:root:[2018.02.28 22:52:20]:  Финиш транзакции загрузки фрагмента
INFO:root:[2018.02.28 22:52:20]:  Старт транзакции загрузки фрагмента размера 50
INFO:root:[2018.02.28 22:52:20]:  Финиш транзакции загрузки фрагмента
INFO:root:[2018.02.28 22:52:20]:  Старт транзакции загрузки фрагмента размера 50
INFO:root:[2018.02.28 22:52:20]:  Финиш транзакции загрузки фрагмента
INFO:root:[2018.02.28 22:52:20]:  Старт транзакции загрузки фрагмента размера 50
INFO:root:[2018.02.28 22:52:20]:  Финиш транзакции загрузки фрагмента
INFO:root:[2018.02.28 22:52:20]:  Старт транзакции загрузки фрагмента размера 50
INFO:root:[2018.02.28 22:52:20]:  Финиш транзакции загрузки фрагмента
INFO:root:[2018.02.28 22:52:20]:  Старт транзакции загрузки фрагмента размера 50
INFO:root:[2018.02.28 22:52:20]:  Финиш транзакции загрузки фрагмента
INFO:root:[2018.02.28 22:52:20]:  Старт транзакции загрузки фрагмента размера 50
INFO:root:[2018.02.28 22:52:20]:  Финиш транзакции загрузки фрагмента
INFO:root:[2018.02.28 22:52:20]:  Старт транзакции загрузки фрагмента размера 50
INFO:root:[2018.02.28 22:52:20]:  Финиш транзакции загрузки фрагмента
INFO:root:[2018.02.28 22:52:20]:  Старт транзакции загрузки фрагмента размера 50
INFO:root:[2018.02.28 22:52:20]:  Финиш транзакции загрузки фрагмента
INFO:root:[2018.02.28 22:52:20]:  Старт транзакции загрузки фрагмента размера 50
INFO:root:[2018.02.28 22:52:20]:  Финиш транзакции загрузки фрагмента
INFO:root:[2018.02.28 22:52:20]:  Старт транзакции загрузки фрагмента размера 50
INFO:root:[2018.02.28 22:52:20]:  Финиш транзакции загрузки фрагмента
INFO:root:[2018.02.28 22:52:20]:  Старт транзакции загрузки фрагмента размера 50
INFO:root:[2018.02.28 22:52:20]:  Финиш транзакции загрузки фрагмента
INFO:root:[2018.02.28 22:52:20]:  Старт транзакции загрузки фрагмента размера 30
INFO:root:[2018.02.28 22:52:20]:  Финиш транзакции загрузки фрагмента
INFO:root:[2018.02.28 22:52:20]:  Записей добавлено: 830
INFO:root: 
INFO:root:[2018.02.28 22:52:20]:  Начата обработка таблицы Products
INFO:root:[2018.02.28 22:52:20]:  Старт транзакции загрузки фрагмента размера 50
INFO:root:[2018.02.28 22:52:20]:  Финиш транзакции загрузки фрагмента
INFO:root:[2018.02.28 22:52:20]:  Старт транзакции загрузки фрагмента размера 27
INFO:root:[2018.02.28 22:52:20]:  Финиш транзакции загрузки фрагмента
INFO:root:[2018.02.28 22:52:20]:  Записей добавлено: 77
INFO:root: 
INFO:root:[2018.02.28 22:52:20]:  Начата обработка таблицы Order Details
INFO:root:[2018.02.28 22:52:20]:  Старт транзакции загрузки фрагмента размера 50
INFO:root:[2018.02.28 22:52:20]:  Финиш транзакции загрузки фрагмента
INFO:root:[2018.02.28 22:52:20]:  Старт транзакции загрузки фрагмента размера 50
INFO:root:[2018.02.28 22:52:20]:  Финиш транзакции загрузки фрагмента
INFO:root:[2018.02.28 22:52:20]:  Старт транзакции загрузки фрагмента размера 50
INFO:root:[2018.02.28 22:52:20]:  Финиш транзакции загрузки фрагмента
INFO:root:[2018.02.28 22:52:20]:  Старт транзакции загрузки фрагмента размера 50
INFO:root:[2018.02.28 22:52:20]:  Финиш транзакции загрузки фрагмента
INFO:root:[2018.02.28 22:52:20]:  Старт транзакции загрузки фрагмента размера 50
INFO:root:[2018.02.28 22:52:20]:  Финиш транзакции загрузки фрагмента
INFO:root:[2018.02.28 22:52:20]:  Старт транзакции загрузки фрагмента размера 50
INFO:root:[2018.02.28 22:52:20]:  Финиш транзакции загрузки фрагмента
INFO:root:[2018.02.28 22:52:20]:  Старт транзакции загрузки фрагмента размера 50
INFO:root:[2018.02.28 22:52:20]:  Финиш транзакции загрузки фрагмента
INFO:root:[2018.02.28 22:52:20]:  Старт транзакции загрузки фрагмента размера 50
INFO:root:[2018.02.28 22:52:20]:  Финиш транзакции загрузки фрагмента
INFO:root:[2018.02.28 22:52:20]:  Старт транзакции загрузки фрагмента размера 50
INFO:root:[2018.02.28 22:52:20]:  Финиш транзакции загрузки фрагмента
INFO:root:[2018.02.28 22:52:20]:  Старт транзакции загрузки фрагмента размера 50
INFO:root:[2018.02.28 22:52:20]:  Финиш транзакции загрузки фрагмента
INFO:root:[2018.02.28 22:52:20]:  Старт транзакции загрузки фрагмента размера 50
INFO:root:[2018.02.28 22:52:20]:  Финиш транзакции загрузки фрагмента
INFO:root:[2018.02.28 22:52:20]:  Старт транзакции загрузки фрагмента размера 50
INFO:root:[2018.02.28 22:52:20]:  Финиш транзакции загрузки фрагмента
INFO:root:[2018.02.28 22:52:20]:  Старт транзакции загрузки фрагмента размера 50
INFO:root:[2018.02.28 22:52:20]:  Финиш транзакции загрузки фрагмента
INFO:root:[2018.02.28 22:52:20]:  Старт транзакции загрузки фрагмента размера 50
INFO:root:[2018.02.28 22:52:20]:  Финиш транзакции загрузки фрагмента
INFO:root:[2018.02.28 22:52:20]:  Старт транзакции загрузки фрагмента размера 50
INFO:root:[2018.02.28 22:52:20]:  Финиш транзакции загрузки фрагмента
INFO:root:[2018.02.28 22:52:20]:  Старт транзакции загрузки фрагмента размера 50
INFO:root:[2018.02.28 22:52:20]:  Финиш транзакции загрузки фрагмента
INFO:root:[2018.02.28 22:52:20]:  Старт транзакции загрузки фрагмента размера 50
INFO:root:[2018.02.28 22:52:20]:  Финиш транзакции загрузки фрагмента
INFO:root:[2018.02.28 22:52:20]:  Старт транзакции загрузки фрагмента размера 50
INFO:root:[2018.02.28 22:52:20]:  Финиш транзакции загрузки фрагмента
INFO:root:[2018.02.28 22:52:20]:  Старт транзакции загрузки фрагмента размера 50
INFO:root:[2018.02.28 22:52:20]:  Финиш транзакции загрузки фрагмента
INFO:root:[2018.02.28 22:52:20]:  Старт транзакции загрузки фрагмента размера 50
INFO:root:[2018.02.28 22:52:21]:  Финиш транзакции загрузки фрагмента
INFO:root:[2018.02.28 22:52:21]:  Старт транзакции загрузки фрагмента размера 50
INFO:root:[2018.02.28 22:52:21]:  Финиш транзакции загрузки фрагмента
INFO:root:[2018.02.28 22:52:21]:  Старт транзакции загрузки фрагмента размера 50
INFO:root:[2018.02.28 22:52:21]:  Финиш транзакции загрузки фрагмента
INFO:root:[2018.02.28 22:52:21]:  Старт транзакции загрузки фрагмента размера 50
INFO:root:[2018.02.28 22:52:21]:  Финиш транзакции загрузки фрагмента
INFO:root:[2018.02.28 22:52:21]:  Старт транзакции загрузки фрагмента размера 50
INFO:root:[2018.02.28 22:52:21]:  Финиш транзакции загрузки фрагмента
INFO:root:[2018.02.28 22:52:21]:  Старт транзакции загрузки фрагмента размера 50
INFO:root:[2018.02.28 22:52:21]:  Финиш транзакции загрузки фрагмента
INFO:root:[2018.02.28 22:52:21]:  Старт транзакции загрузки фрагмента размера 50
INFO:root:[2018.02.28 22:52:21]:  Финиш транзакции загрузки фрагмента
INFO:root:[2018.02.28 22:52:21]:  Старт транзакции загрузки фрагмента размера 50
INFO:root:[2018.02.28 22:52:21]:  Финиш транзакции загрузки фрагмента
INFO:root:[2018.02.28 22:52:21]:  Старт транзакции загрузки фрагмента размера 50
INFO:root:[2018.02.28 22:52:21]:  Финиш транзакции загрузки фрагмента
INFO:root:[2018.02.28 22:52:21]:  Старт транзакции загрузки фрагмента размера 50
INFO:root:[2018.02.28 22:52:21]:  Финиш транзакции загрузки фрагмента
INFO:root:[2018.02.28 22:52:21]:  Старт транзакции загрузки фрагмента размера 50
INFO:root:[2018.02.28 22:52:21]:  Финиш транзакции загрузки фрагмента
INFO:root:[2018.02.28 22:52:21]:  Старт транзакции загрузки фрагмента размера 50
INFO:root:[2018.02.28 22:52:21]:  Финиш транзакции загрузки фрагмента
INFO:root:[2018.02.28 22:52:21]:  Старт транзакции загрузки фрагмента размера 50
INFO:root:[2018.02.28 22:52:21]:  Финиш транзакции загрузки фрагмента
INFO:root:[2018.02.28 22:52:21]:  Старт транзакции загрузки фрагмента размера 50
INFO:root:[2018.02.28 22:52:21]:  Финиш транзакции загрузки фрагмента
INFO:root:[2018.02.28 22:52:21]:  Старт транзакции загрузки фрагмента размера 50
INFO:root:[2018.02.28 22:52:21]:  Финиш транзакции загрузки фрагмента
INFO:root:[2018.02.28 22:52:21]:  Старт транзакции загрузки фрагмента размера 50
INFO:root:[2018.02.28 22:52:21]:  Финиш транзакции загрузки фрагмента
INFO:root:[2018.02.28 22:52:21]:  Старт транзакции загрузки фрагмента размера 50
INFO:root:[2018.02.28 22:52:21]:  Финиш транзакции загрузки фрагмента
INFO:root:[2018.02.28 22:52:21]:  Старт транзакции загрузки фрагмента размера 50
INFO:root:[2018.02.28 22:52:21]:  Финиш транзакции загрузки фрагмента
INFO:root:[2018.02.28 22:52:21]:  Старт транзакции загрузки фрагмента размера 50
INFO:root:[2018.02.28 22:52:21]:  Финиш транзакции загрузки фрагмента
INFO:root:[2018.02.28 22:52:21]:  Старт транзакции загрузки фрагмента размера 50
INFO:root:[2018.02.28 22:52:21]:  Финиш транзакции загрузки фрагмента
INFO:root:[2018.02.28 22:52:21]:  Старт транзакции загрузки фрагмента размера 50
INFO:root:[2018.02.28 22:52:21]:  Финиш транзакции загрузки фрагмента
INFO:root:[2018.02.28 22:52:21]:  Старт транзакции загрузки фрагмента размера 50
INFO:root:[2018.02.28 22:52:21]:  Финиш транзакции загрузки фрагмента
INFO:root:[2018.02.28 22:52:21]:  Старт транзакции загрузки фрагмента размера 50
INFO:root:[2018.02.28 22:52:21]:  Финиш транзакции загрузки фрагмента
INFO:root:[2018.02.28 22:52:21]:  Старт транзакции загрузки фрагмента размера 50
INFO:root:[2018.02.28 22:52:21]:  Финиш транзакции загрузки фрагмента
INFO:root:[2018.02.28 22:52:21]:  Старт транзакции загрузки фрагмента размера 5
INFO:root:[2018.02.28 22:52:21]:  Финиш транзакции загрузки фрагмента
INFO:root:[2018.02.28 22:52:21]:  Записей добавлено: 2155
INFO:root: 
INFO:root:[2018.02.28 22:52:21]:  Начата обработка таблицы CustomerCustomerDemo
INFO:root:[2018.02.28 22:52:21]:  Записей добавлено: 0
INFO:root: 
INFO:root:[2018.02.28 22:52:21]:  Начата обработка таблицы CustomerDemographics
INFO:root:[2018.02.28 22:52:21]:  Записей добавлено: 0
INFO:root: 
INFO:root:[2018.02.28 22:52:21]:  Начата обработка таблицы Region
INFO:root:[2018.02.28 22:52:21]:  Старт транзакции загрузки фрагмента размера 4
INFO:root:[2018.02.28 22:52:21]:  Финиш транзакции загрузки фрагмента
INFO:root:[2018.02.28 22:52:21]:  Записей добавлено: 4
INFO:root: 
INFO:root:[2018.02.28 22:52:21]:  Начата обработка таблицы Territories
INFO:root:[2018.02.28 22:52:21]:  Старт транзакции загрузки фрагмента размера 50
INFO:root:[2018.02.28 22:52:21]:  Финиш транзакции загрузки фрагмента
INFO:root:[2018.02.28 22:52:21]:  Старт транзакции загрузки фрагмента размера 3
INFO:root:[2018.02.28 22:52:21]:  Финиш транзакции загрузки фрагмента
INFO:root:[2018.02.28 22:52:21]:  Записей добавлено: 53
INFO:root: 
INFO:root:[2018.02.28 22:52:21]:  Начата обработка таблицы EmployeeTerritories
INFO:root:[2018.02.28 22:52:21]:  Старт транзакции загрузки фрагмента размера 49
INFO:root:[2018.02.28 22:52:21]:  Финиш транзакции загрузки фрагмента
INFO:root:[2018.02.28 22:52:21]:  Записей добавлено: 49
INFO:root: 
INFO:root:[2018.02.28 22:52:21]: Время выполнения переноса данных: 0 ч 0 м 1 с 848 мс
